<?xml version="1.0" encoding="UTF-8"?>
<testsuite name="RatingsTest" tests="84" skipped="0" failures="0" errors="0" timestamp="2025-04-28T09:44:27" hostname="code" time="0.032">
  <properties/>
  <testcase name="testRatingsGetUserRatingsMix()" classname="RatingsTest" time="0.0"/>
  <testcase name="testRatingsGetUserRatingsNeg()" classname="RatingsTest" time="0.001"/>
  <testcase name="testRatingsGetUserRatingsPos()" classname="RatingsTest" time="0.0"/>
  <testcase name="testRatingsGetMostRatedUsersDefault()" classname="RatingsTest" time="0.001"/>
  <testcase name="testRatingsGetMostRatedMoviesPosMixLimit()" classname="RatingsTest" time="0.0"/>
  <testcase name="testRatingsGetTopAverageRatedMoviesPosMixOver()" classname="RatingsTest" time="0.001"/>
  <testcase name="testRatingsSizeAfterAddThenSet()" classname="RatingsTest" time="0.0"/>
  <testcase name="testRatingsGetMostRatedMoviesPosMix2()" classname="RatingsTest" time="0.0"/>
  <testcase name="testRatingsGetMostRatedMoviesPosOver()" classname="RatingsTest" time="0.001"/>
  <testcase name="testRatingsSetPosSameUserAndMovie()" classname="RatingsTest" time="0.0"/>
  <testcase name="testRatingsGetMostRatedUsersPosMixLimit2()" classname="RatingsTest" time="0.001"/>
  <testcase name="testRatingsGetMostRatedMoviesPosMixLimit2()" classname="RatingsTest" time="0.0"/>
  <testcase name="testRatingsSizeAfterAddViaSet()" classname="RatingsTest" time="0.001"/>
  <testcase name="testRatingsGetMostRatedUsersPos2()" classname="RatingsTest" time="0.0"/>
  <testcase name="testRatingsGetTopAverageRatedMoviesPosMix2Swap()" classname="RatingsTest" time="0.001"/>
  <testcase name="testRatingsAddPosUnique()" classname="RatingsTest" time="0.0"/>
  <testcase name="testRatingsGetMostRatedMoviesPos2()" classname="RatingsTest" time="0.001"/>
  <testcase name="testRatingsGetTopAverageRatedMoviesPosMix()" classname="RatingsTest" time="0.0"/>
  <testcase name="testRatingsGetTopAverageRatedMoviesPosMixLimit()" classname="RatingsTest" time="0.0"/>
  <testcase name="testRatingsGetNumRatingsPos2Mix()" classname="RatingsTest" time="0.001"/>
  <testcase name="testRatingsSizeRemove()" classname="RatingsTest" time="0.0"/>
  <testcase name="testRatingsGetMovieAverageRatingsNegNoRatings()" classname="RatingsTest" time="0.0"/>
  <testcase name="testRatingsGetMostRatedUsersPos()" classname="RatingsTest" time="0.0"/>
  <testcase name="testRatingsGetTopAverageRatedMoviesPos2()" classname="RatingsTest" time="0.0"/>
  <testcase name="testRatingsGetNumRatingsPos2()" classname="RatingsTest" time="0.0"/>
  <testcase name="testRatingsSizeAfterAdd2ThenRemove()" classname="RatingsTest" time="0.001"/>
  <testcase name="testRatingsGetMostRatedUsersPosMixOver()" classname="RatingsTest" time="0.0"/>
  <testcase name="testRatingsGetMostRatedUsersPosMix()" classname="RatingsTest" time="0.001"/>
  <testcase name="testRatingsGetMostRatedMoviesPos()" classname="RatingsTest" time="0.0"/>
  <testcase name="testRatingsAddPosSameMovie()" classname="RatingsTest" time="0.0"/>
  <testcase name="testRatingsGetUserRatingsPos2()" classname="RatingsTest" time="0.001"/>
  <testcase name="testRatingsGetUserAverageRatingsNeg()" classname="RatingsTest" time="0.0"/>
  <testcase name="testRatingsGetUserAverageRatingsPos()" classname="RatingsTest" time="0.0"/>
  <testcase name="testRatingsGetMovieAverageRatingsNeg()" classname="RatingsTest" time="0.0"/>
  <testcase name="testRatingsGetMovieAverageRatingsPos()" classname="RatingsTest" time="0.0"/>
  <testcase name="testRatingsGetTopAverageRatedMoviesPosMix2()" classname="RatingsTest" time="0.0"/>
  <testcase name="testRatingsGetTopAverageRatedMoviesPosOver()" classname="RatingsTest" time="0.001"/>
  <testcase name="testRatingsGetMostRatedMoviesPosMix()" classname="RatingsTest" time="0.0"/>
  <testcase name="testRatingsRemoveNegSameUser()" classname="RatingsTest" time="0.0"/>
  <testcase name="testRatingsGetTopAverageRatedMoviesPosMixLimit2()" classname="RatingsTest" time="0.001"/>
  <testcase name="testRatingsSizeAfterAddThenAddViaSet()" classname="RatingsTest" time="0.0"/>
  <testcase name="testRatingsSetPosSameMovie()" classname="RatingsTest" time="0.0"/>
  <testcase name="testRatingsSizeAfterAdd2()" classname="RatingsTest" time="0.0"/>
  <testcase name="testRatingsAddDefault()" classname="RatingsTest" time="0.0"/>
  <testcase name="testRatingsAddNeg()" classname="RatingsTest" time="0.0"/>
  <testcase name="testRatingsRemoveNegSameMovie()" classname="RatingsTest" time="0.0"/>
  <testcase name="testRatingsGetMostRatedMoviesDefault0()" classname="RatingsTest" time="0.001"/>
  <testcase name="testRatingsGetMovieRatingsDefault()" classname="RatingsTest" time="0.0"/>
  <testcase name="testRatingsGetMovieAverageRatingsNoMovie()" classname="RatingsTest" time="0.0"/>
  <testcase name="testRatingsGetMostRatedMoviesPosMixOver()" classname="RatingsTest" time="0.0"/>
  <testcase name="testRatingsGetMostRatedMoviesDefault()" classname="RatingsTest" time="0.001"/>
  <testcase name="testRatingsGetUserAverageRatingsDefault()" classname="RatingsTest" time="0.0"/>
  <testcase name="testRatingsSetPosUnique()" classname="RatingsTest" time="0.0"/>
  <testcase name="testRatingsAddPosSameUser()" classname="RatingsTest" time="0.0"/>
  <testcase name="testRatingsGetUserAverageRatingsPos2()" classname="RatingsTest" time="0.001"/>
  <testcase name="testRatingsRemoveNegUnique()" classname="RatingsTest" time="0.0"/>
  <testcase name="testRatingsGetMostRatedUsersPosMix2()" classname="RatingsTest" time="0.0"/>
  <testcase name="testRatingsGetMostRatedUsersPosOver()" classname="RatingsTest" time="0.0"/>
  <testcase name="testRatingsGetTopAverageRatedMoviesPos()" classname="RatingsTest" time="0.0"/>
  <testcase name="testRatingsSizeAfterAdd()" classname="RatingsTest" time="0.0"/>
  <testcase name="testRatingsGetNumRatingsDefault()" classname="RatingsTest" time="0.0"/>
  <testcase name="testRatingsSizeDefault()" classname="RatingsTest" time="0.0"/>
  <testcase name="testRatingsGetMostRatedUsersDefault0()" classname="RatingsTest" time="0.0"/>
  <testcase name="testRatingsRemovePos()" classname="RatingsTest" time="0.0"/>
  <testcase name="testRatingsGetUserAverageRatingsPosMix()" classname="RatingsTest" time="0.001"/>
  <testcase name="testRatingsGetNumRatingsNegNoRating()" classname="RatingsTest" time="0.0"/>
  <testcase name="testRatingsSizeAfterAddThenRemove()" classname="RatingsTest" time="0.0"/>
  <testcase name="testRatingsSetDefault()" classname="RatingsTest" time="0.001"/>
  <testcase name="testRatingsGetNumRatingsNoMovie()" classname="RatingsTest" time="0.0"/>
  <testcase name="testRatingsGetMovieRatingsMix()" classname="RatingsTest" time="0.0"/>
  <testcase name="testRatingsGetMovieRatingsNeg()" classname="RatingsTest" time="0.001"/>
  <testcase name="testRatingsGetMovieRatingsPos()" classname="RatingsTest" time="0.0"/>
  <testcase name="testRatingsRemoveDefault()" classname="RatingsTest" time="0.0"/>
  <testcase name="testRatingsGetMostRatedUsersPosMixLimit()" classname="RatingsTest" time="0.001"/>
  <testcase name="testRatingsGetTopAverageRatedMoviesDefault()" classname="RatingsTest" time="0.0"/>
  <testcase name="testRatingsGetNumRatingsNeg()" classname="RatingsTest" time="0.0"/>
  <testcase name="testRatingsGetNumRatingsPos()" classname="RatingsTest" time="0.0"/>
  <testcase name="testRatingsGetMovieAverageRatingsPos2()" classname="RatingsTest" time="0.0"/>
  <testcase name="testRatingsSetPosSameUser()" classname="RatingsTest" time="0.0"/>
  <testcase name="testRatingsGetUserRatingsDefault()" classname="RatingsTest" time="0.001"/>
  <testcase name="testRatingsGetMovieRatingsPos2()" classname="RatingsTest" time="0.0"/>
  <testcase name="testRatingsGetTopAverageRatedMoviesDefault0()" classname="RatingsTest" time="0.0"/>
  <testcase name="testRatingsGetMovieAverageRatingsPos2Mix()" classname="RatingsTest" time="0.0"/>
  <testcase name="testRatingsGetMovieAverageRatingDefault()" classname="RatingsTest" time="0.001"/>
  <system-out><![CDATA[]]></system-out>
  <system-err><![CDATA[]]></system-err>
</testsuite>
