<?xml version="1.0" encoding="UTF-8"?>
<testsuite name="CreditsTest" tests="90" skipped="0" failures="0" errors="0" timestamp="2025-04-24T16:57:51" hostname="code" time="0.107">
  <properties/>
  <testcase name="testCreditsSizeOfCrewDefault()" classname="CreditsTest" time="0.0"/>
  <testcase name="testCreditsGetFilmCrewPos2Reorder()" classname="CreditsTest" time="0.002"/>
  <testcase name="testCreditsFindCastDefault()" classname="CreditsTest" time="0.002"/>
  <testcase name="testCreditsFindCastNeg()" classname="CreditsTest" time="0.001"/>
  <testcase name="testCreditsFindCastPos()" classname="CreditsTest" time="0.0"/>
  <testcase name="testCreditsGetCastFilmsPos2Mix()" classname="CreditsTest" time="0.001"/>
  <testcase name="testCreditsGetUniqueCastPos2()" classname="CreditsTest" time="0.006"/>
  <testcase name="testCreditsGetNumCastCreditsDefault()" classname="CreditsTest" time="0.0"/>
  <testcase name="testCreditsGetUniqueCastDefault()" classname="CreditsTest" time="0.001"/>
  <testcase name="testCreditsSizeOfCastPos2()" classname="CreditsTest" time="0.001"/>
  <testcase name="testCreditsGetMostCastCreditsPos2TwoInMovie()" classname="CreditsTest" time="0.014"/>
  <testcase name="testCreditsGetNumCastCreditsPos2TwoInMovie()" classname="CreditsTest" time="0.001"/>
  <testcase name="testCreditsFindCrewNeg()" classname="CreditsTest" time="0.001"/>
  <testcase name="testCreditsFindCrewPos()" classname="CreditsTest" time="0.001"/>
  <testcase name="testCreditsSizeDefault()" classname="CreditsTest" time="0.001"/>
  <testcase name="testCreditsSizeAfterAdd()" classname="CreditsTest" time="0.001"/>
  <testcase name="testCreditsGetCastPos2()" classname="CreditsTest" time="0.0"/>
  <testcase name="testCreditsGetUniqueCastPos()" classname="CreditsTest" time="0.001"/>
  <testcase name="testCreditsSizeAfterRemove()" classname="CreditsTest" time="0.001"/>
  <testcase name="testCreditsGetFilmCrewPos2()" classname="CreditsTest" time="0.001"/>
  <testcase name="testCreditsGetCastDefault()" classname="CreditsTest" time="0.002"/>
  <testcase name="testCreditsGetCastNeg()" classname="CreditsTest" time="0.001"/>
  <testcase name="testCreditsGetCastPos()" classname="CreditsTest" time="0.0"/>
  <testcase name="testCreditsSizeAfterAdd2Remove()" classname="CreditsTest" time="0.001"/>
  <testcase name="testCreditsGetUniqueCrewPos()" classname="CreditsTest" time="0.001"/>
  <testcase name="testCreditsFindCrewDefault()" classname="CreditsTest" time="0.0"/>
  <testcase name="testCreditsGetStarsInFilmsPos2NotAllFirst()" classname="CreditsTest" time="0.0"/>
  <testcase name="testCreditsGetMostCastCreditsDefault()" classname="CreditsTest" time="0.0"/>
  <testcase name="testCreditsGetUniqueCrewDefault()" classname="CreditsTest" time="0.001"/>
  <testcase name="testCreditsGetCrewNeg()" classname="CreditsTest" time="0.001"/>
  <testcase name="testCreditsGetCrewPos()" classname="CreditsTest" time="0.001"/>
  <testcase name="testCreditsGetCrewFilmsPos2Mix()" classname="CreditsTest" time="0.0"/>
  <testcase name="testCreditsGetCastStarsInFilmsNeg()" classname="CreditsTest" time="0.001"/>
  <testcase name="testCreditsGetCastStarsInFilmsPos()" classname="CreditsTest" time="0.001"/>
  <testcase name="testCreditsGetUniqueCrewPos2()" classname="CreditsTest" time="0.001"/>
  <testcase name="testCreditsGetCastFilmsDefault()" classname="CreditsTest" time="0.001"/>
  <testcase name="testCreditsFindCastPos2Part()" classname="CreditsTest" time="0.001"/>
  <testcase name="testCreditsGetMostCastCreditsPos2Multi()" classname="CreditsTest" time="0.001"/>
  <testcase name="testCreditsGetNumCastCreditsNeg()" classname="CreditsTest" time="0.001"/>
  <testcase name="testCreditsGetNumCastCreditsPos()" classname="CreditsTest" time="0.001"/>
  <testcase name="testCreditsSizeOfCrewPos2()" classname="CreditsTest" time="0.001"/>
  <testcase name="testCreditsFindCastPos2()" classname="CreditsTest" time="0.001"/>
  <testcase name="testCreditsGetUniqueCrewPos2Duplicate()" classname="CreditsTest" time="0.001"/>
  <testcase name="testCreditsSizeOfCastNeg()" classname="CreditsTest" time="0.001"/>
  <testcase name="testCreditsSizeOfCastPos()" classname="CreditsTest" time="0.0"/>
  <testcase name="testCreditsFindCastPosPart()" classname="CreditsTest" time="0.0"/>
  <testcase name="testCreditsGetFilmCastNeg()" classname="CreditsTest" time="0.001"/>
  <testcase name="testCreditsGetFilmCastPos()" classname="CreditsTest" time="0.0"/>
  <testcase name="testCreditsGetStarsInFilmsPos2Multi()" classname="CreditsTest" time="0.001"/>
  <testcase name="testCreditsGetFilmCastDefault()" classname="CreditsTest" time="0.0"/>
  <testcase name="testCreditsSizeAfterAddRemove()" classname="CreditsTest" time="0.0"/>
  <testcase name="testCreditsSizeAfterAdd2()" classname="CreditsTest" time="0.0"/>
  <testcase name="testCreditsGetCrewPos2()" classname="CreditsTest" time="0.0"/>
  <testcase name="testCreditsGetCrewDefault()" classname="CreditsTest" time="0.001"/>
  <testcase name="testCreditsGetStarsInFilmsPos2Mix()" classname="CreditsTest" time="0.0"/>
  <testcase name="testCreditsSizeOfCrewNeg()" classname="CreditsTest" time="0.001"/>
  <testcase name="testCreditsSizeOfCrewPos()" classname="CreditsTest" time="0.0"/>
  <testcase name="testCreditsGetCastFilmsNeg()" classname="CreditsTest" time="0.001"/>
  <testcase name="testCreditsGetCastFilmsPos()" classname="CreditsTest" time="0.0"/>
  <testcase name="testCreditsSizeOfCastDefault()" classname="CreditsTest" time="0.0"/>
  <testcase name="testCreditsGetFilmCrewNeg()" classname="CreditsTest" time="0.0"/>
  <testcase name="testCreditsGetFilmCrewPos()" classname="CreditsTest" time="0.001"/>
  <testcase name="testCreditsGetCastFilmsPos2()" classname="CreditsTest" time="0.001"/>
  <testcase name="testCreditsGetMostCastCreditsPos2MultiOver()" classname="CreditsTest" time="0.001"/>
  <testcase name="testCreditsGetCastStarsInFilmsDefault()" classname="CreditsTest" time="0.0"/>
  <testcase name="testCreditsGetNumCastCreditsPos2()" classname="CreditsTest" time="0.0"/>
  <testcase name="testCreditsGetCastStarsInFilmsNegOrder()" classname="CreditsTest" time="0.001"/>
  <testcase name="testCreditsFindCrewPos2Part()" classname="CreditsTest" time="0.001"/>
  <testcase name="testCreditsAddDefault()" classname="CreditsTest" time="0.0"/>
  <testcase name="testCreditsGetMostCastCreditsPos()" classname="CreditsTest" time="0.001"/>
  <testcase name="testCreditsGetUniqueCastPos2Duplicate()" classname="CreditsTest" time="0.0"/>
  <testcase name="testCreditsGetCastStarsInFilmsPos2()" classname="CreditsTest" time="0.0"/>
  <testcase name="testCreditsGetFilmCastPos2()" classname="CreditsTest" time="0.0"/>
  <testcase name="testCreditsAddNeg()" classname="CreditsTest" time="0.0"/>
  <testcase name="testCreditsAddPos()" classname="CreditsTest" time="0.001"/>
  <testcase name="testCreditsRemoveDefault()" classname="CreditsTest" time="0.0"/>
  <testcase name="testCreditsFindCrewPosPart()" classname="CreditsTest" time="0.0"/>
  <testcase name="testCreditsGetCrewFilmsDefault()" classname="CreditsTest" time="0.001"/>
  <testcase name="testCreditsGetMostCastCreditsPos2()" classname="CreditsTest" time="0.001"/>
  <testcase name="testCreditsGetMostCastCreditsPos2MultiLimit()" classname="CreditsTest" time="0.0"/>
  <testcase name="testCreditsRemoveNeg()" classname="CreditsTest" time="0.0"/>
  <testcase name="testCreditsRemovePos()" classname="CreditsTest" time="0.0"/>
  <testcase name="testCreditsGetFilmCrewDefault()" classname="CreditsTest" time="0.001"/>
  <testcase name="testCreditsGetCrewFilmsPos2()" classname="CreditsTest" time="0.0"/>
  <testcase name="testCreditsGetCrewFilmsNeg()" classname="CreditsTest" time="0.0"/>
  <testcase name="testCreditsGetCrewFilmsPos()" classname="CreditsTest" time="0.001"/>
  <testcase name="testCreditsFindCrewPos2()" classname="CreditsTest" time="0.0"/>
  <testcase name="testCreditsGetMostCastCreditsPosOver()" classname="CreditsTest" time="0.001"/>
  <testcase name="testCreditsGetFilmCastPos2Reorder()" classname="CreditsTest" time="0.002"/>
  <testcase name="testCreditsGetNumCastCreditsPos2Multi()" classname="CreditsTest" time="0.001"/>
  <system-out><![CDATA[i: 0	 order: 1
i: 1	 order: 2
]]></system-out>
  <system-err><![CDATA[]]></system-err>
</testsuite>
