<?xml version="1.0" encoding="UTF-8"?>
<testsuite name="MoviesTest" tests="94" skipped="0" failures="0" errors="0" timestamp="2025-04-06T03:01:34" hostname="code" time="0.07">
  <properties/>
  <testcase name="testMoviesAddNeg()" classname="MoviesTest" time="0.005"/>
  <testcase name="testMoviesAddPos()" classname="MoviesTest" time="0.002"/>
  <testcase name="testMoviesAddProductionCompanyNeg()" classname="MoviesTest" time="0.002"/>
  <testcase name="testMoviesAddProductionCompanyPos()" classname="MoviesTest" time="0.001"/>
  <testcase name="testMoviesAddProductionCountryNeg()" classname="MoviesTest" time="0.0"/>
  <testcase name="testMoviesAddProductionCountryPos()" classname="MoviesTest" time="0.001"/>
  <testcase name="testMoviesAddToCollectionNeg()" classname="MoviesTest" time="0.001"/>
  <testcase name="testMoviesAddToCollectionPos()" classname="MoviesTest" time="0.0"/>
  <testcase name="testMoviesAdultPos()" classname="MoviesTest" time="0.001"/>
  <testcase name="testMoviesGenreNegID()" classname="MoviesTest" time="0.0"/>
  <testcase name="testMoviesGetAdultAll()" classname="MoviesTest" time="0.001"/>
  <testcase name="testMoviesGetAdultNeg()" classname="MoviesTest" time="0.0"/>
  <testcase name="testMoviesGetAllIDs()" classname="MoviesTest" time="0.001"/>
  <testcase name="testMoviesGetAllIDsReleasedInRangeNeg()" classname="MoviesTest" time="0.001"/>
  <testcase name="testMoviesGetAllIDsReleasedInRangePos()" classname="MoviesTest" time="0.001"/>
  <testcase name="testMoviesGetBudgetAll()" classname="MoviesTest" time="0.001"/>
  <testcase name="testMoviesGetBudgetNeg()" classname="MoviesTest" time="0.001"/>
  <testcase name="testMoviesGetBudgetPos()" classname="MoviesTest" time="0.001"/>
  <testcase name="testMoviesGetCollectionBackdropNeg()" classname="MoviesTest" time="0.001"/>
  <testcase name="testMoviesGetCollectionBackdropPos()" classname="MoviesTest" time="0.001"/>
  <testcase name="testMoviesGetCollectionIDNeg()" classname="MoviesTest" time="0.001"/>
  <testcase name="testMoviesGetCollectionIDPos()" classname="MoviesTest" time="0.001"/>
  <testcase name="testMoviesGetCollectionNameNeg()" classname="MoviesTest" time="0.001"/>
  <testcase name="testMoviesGetCollectionNamePos()" classname="MoviesTest" time="0.0"/>
  <testcase name="testMoviesGetCollectionPosterNeg()" classname="MoviesTest" time="0.0"/>
  <testcase name="testMoviesGetCollectionPosterPos()" classname="MoviesTest" time="0.0"/>
  <testcase name="testMoviesGetFilmsInCollectionNeg()" classname="MoviesTest" time="0.0"/>
  <testcase name="testMoviesGetFilmsInCollectionPos()" classname="MoviesTest" time="0.0"/>
  <testcase name="testMoviesGetGenreAll()" classname="MoviesTest" time="0.0"/>
  <testcase name="testMoviesGetGenrePos()" classname="MoviesTest" time="0.001"/>
  <testcase name="testMoviesGetHomepageAll()" classname="MoviesTest" time="0.001"/>
  <testcase name="testMoviesGetHomepageNeg()" classname="MoviesTest" time="0.001"/>
  <testcase name="testMoviesGetHomepagePos()" classname="MoviesTest" time="0.001"/>
  <testcase name="testMoviesGetIMDBNeg()" classname="MoviesTest" time="0.001"/>
  <testcase name="testMoviesGetIMDBPos()" classname="MoviesTest" time="0.001"/>
  <testcase name="testMoviesGetLanguagesMany()" classname="MoviesTest" time="0.001"/>
  <testcase name="testMoviesGetLanguagesNeg()" classname="MoviesTest" time="0.001"/>
  <testcase name="testMoviesGetLanguagesPos()" classname="MoviesTest" time="0.001"/>
  <testcase name="testMoviesGetOriginalLanguageAll()" classname="MoviesTest" time="0.001"/>
  <testcase name="testMoviesGetOriginalLanguageNeg()" classname="MoviesTest" time="0.001"/>
  <testcase name="testMoviesGetOriginalLanguagePos()" classname="MoviesTest" time="0.001"/>
  <testcase name="testMoviesGetOriginalTitleAll()" classname="MoviesTest" time="0.001"/>
  <testcase name="testMoviesGetOriginalTitleNeg()" classname="MoviesTest" time="0.0"/>
  <testcase name="testMoviesGetOriginalTitlePos()" classname="MoviesTest" time="0.001"/>
  <testcase name="testMoviesGetOverviewAll()" classname="MoviesTest" time="0.0"/>
  <testcase name="testMoviesGetOverviewNeg()" classname="MoviesTest" time="0.001"/>
  <testcase name="testMoviesGetOverviewPos()" classname="MoviesTest" time="0.0"/>
  <testcase name="testMoviesGetPopularityEmpty()" classname="MoviesTest" time="0.001"/>
  <testcase name="testMoviesGetPopularityNeg()" classname="MoviesTest" time="0.0"/>
  <testcase name="testMoviesGetPopularityPos()" classname="MoviesTest" time="0.001"/>
  <testcase name="testMoviesGetPosterAll()" classname="MoviesTest" time="0.0"/>
  <testcase name="testMoviesGetPosterNeg()" classname="MoviesTest" time="0.0"/>
  <testcase name="testMoviesGetPosterPos()" classname="MoviesTest" time="0.001"/>
  <testcase name="testMoviesGetProductionCompanyNeg()" classname="MoviesTest" time="0.0"/>
  <testcase name="testMoviesGetProductionCompanyPos()" classname="MoviesTest" time="0.001"/>
  <testcase name="testMoviesGetProductionCountriesNeg()" classname="MoviesTest" time="0.0"/>
  <testcase name="testMoviesGetProductionCountryPos()" classname="MoviesTest" time="0.001"/>
  <testcase name="testMoviesGetReleaseAll()" classname="MoviesTest" time="0.0"/>
  <testcase name="testMoviesGetReleaseNeg()" classname="MoviesTest" time="0.001"/>
  <testcase name="testMoviesGetReleaseNegVal()" classname="MoviesTest" time="0.0"/>
  <testcase name="testMoviesGetReleasePos()" classname="MoviesTest" time="0.0"/>
  <testcase name="testMoviesGetRevenueAll()" classname="MoviesTest" time="0.0"/>
  <testcase name="testMoviesGetRevenueNeg()" classname="MoviesTest" time="0.001"/>
  <testcase name="testMoviesGetRevenuePos()" classname="MoviesTest" time="0.0"/>
  <testcase name="testMoviesGetRuntimeAll()" classname="MoviesTest" time="0.001"/>
  <testcase name="testMoviesGetRuntimeNeg()" classname="MoviesTest" time="0.0"/>
  <testcase name="testMoviesGetRuntimePos()" classname="MoviesTest" time="0.001"/>
  <testcase name="testMoviesGetStatusAll()" classname="MoviesTest" time="0.0"/>
  <testcase name="testMoviesGetStatusNeg()" classname="MoviesTest" time="0.001"/>
  <testcase name="testMoviesGetStatusPos()" classname="MoviesTest" time="0.0"/>
  <testcase name="testMoviesGetTaglineAll()" classname="MoviesTest" time="0.001"/>
  <testcase name="testMoviesGetTaglineNeg()" classname="MoviesTest" time="0.001"/>
  <testcase name="testMoviesGetTaglinePos()" classname="MoviesTest" time="0.0"/>
  <testcase name="testMoviesGetTitleAll()" classname="MoviesTest" time="0.0"/>
  <testcase name="testMoviesGetTitleNeg()" classname="MoviesTest" time="0.0"/>
  <testcase name="testMoviesGetTitlePos()" classname="MoviesTest" time="0.0"/>
  <testcase name="testMoviesGetVideoAll()" classname="MoviesTest" time="0.001"/>
  <testcase name="testMoviesGetVideoNeg()" classname="MoviesTest" time="0.0"/>
  <testcase name="testMoviesGetVideoPos()" classname="MoviesTest" time="0.001"/>
  <testcase name="testMoviesGetVoteAverageNeg()" classname="MoviesTest" time="0.001"/>
  <testcase name="testMoviesGetVoteAveragePos()" classname="MoviesTest" time="0.0"/>
  <testcase name="testMoviesGetVoteCountNeg()" classname="MoviesTest" time="0.001"/>
  <testcase name="testMoviesGetVoteCountPos()" classname="MoviesTest" time="0.001"/>
  <testcase name="testMoviesRemoveNeg()" classname="MoviesTest" time="0.0"/>
  <testcase name="testMoviesRemovePos()" classname="MoviesTest" time="0.0"/>
  <testcase name="testMoviesSetIMDBNeg()" classname="MoviesTest" time="0.0"/>
  <testcase name="testMoviesSetIMDBPos()" classname="MoviesTest" time="0.0"/>
  <testcase name="testMoviesSetPopularityNeg()" classname="MoviesTest" time="0.001"/>
  <testcase name="testMoviesSetPopularityPos()" classname="MoviesTest" time="0.0"/>
  <testcase name="testMoviesSetVoteNeg()" classname="MoviesTest" time="0.001"/>
  <testcase name="testMoviesSetVotePos()" classname="MoviesTest" time="0.0"/>
  <testcase name="testMoviesSize()" classname="MoviesTest" time="0.001"/>
  <testcase name="testMoviesfindFilmsNeg()" classname="MoviesTest" time="0.0"/>
  <testcase name="testMoviesfindFilmsPos()" classname="MoviesTest" time="0.0"/>
  <system-out><![CDATA[]]></system-out>
  <system-err><![CDATA[]]></system-err>
</testsuite>
